        -:    0:Source:cxxtest-4.4/cxxtest/DummyDescriptions.h
        -:    0:Graph:runner.gcno
        -:    0:Data:runner.gcda
        -:    0:Runs:1
        -:    0:Programs:1
        -:    1:/*
        -:    2:-------------------------------------------------------------------------
        -:    3: CxxTest: A lightweight C++ unit testing library.
        -:    4: Copyright (c) 2008 Sandia Corporation.
        -:    5: This software is distributed under the LGPL License v3
        -:    6: For more information, see the COPYING file in the top CxxTest directory.
        -:    7: Under the terms of Contract DE-AC04-94AL85000 with Sandia Corporation,
        -:    8: the U.S. Government retains certain rights in this software.
        -:    9:-------------------------------------------------------------------------
        -:   10:*/
        -:   11:
        -:   12:#ifndef __cxxtest__DummyDescriptions_h__
        -:   13:#define __cxxtest__DummyDescriptions_h__
        -:   14:
        -:   15://
        -:   16:// DummyTestDescription, DummySuiteDescription and DummyWorldDescription
        -:   17://
        -:   18:
        -:   19:#include <cxxtest/Descriptions.h>
        -:   20:
        -:   21:namespace CxxTest
        -:   22:{
        1:   23:class DummyTestDescription : public TestDescription
        -:   24:{
        -:   25:public:
        -:   26:    DummyTestDescription();
        -:   27:
        -:   28:    const char *file() const;
        -:   29:    int line() const;
        -:   30:    const char *testName() const;
        -:   31:    const char *suiteName() const;
        -:   32:    bool setUp();
        -:   33:    void run();
        -:   34:    bool tearDown();
        -:   35:
        -:   36:    TestDescription *next();
        -:   37:    const TestDescription *next() const;
        -:   38:};
        -:   39:
        1:   40:class DummySuiteDescription : public SuiteDescription
        -:   41:{
        -:   42:public:
        -:   43:    DummySuiteDescription();
        -:   44:
        -:   45:    const char *file() const;
        -:   46:    int line() const;
        -:   47:    const char *suiteName() const;
        -:   48:    TestSuite *suite() const;
        -:   49:    unsigned numTests() const;
        -:   50:    const TestDescription &testDescription(unsigned) const;
        -:   51:    SuiteDescription *next();
        -:   52:    TestDescription *firstTest();
        -:   53:    const SuiteDescription *next() const;
        -:   54:    const TestDescription *firstTest() const;
        -:   55:    void activateAllTests();
        -:   56:    bool leaveOnly(const char * /*testName*/);
        -:   57:
        -:   58:    bool setUp();
        -:   59:    bool tearDown();
        -:   60:
        -:   61:private:
        -:   62:    DummyTestDescription _test;
        -:   63:};
        -:   64:
        1:   65:class DummyWorldDescription : public WorldDescription
        -:   66:{
        -:   67:public:
        -:   68:    DummyWorldDescription();
        -:   69:
        -:   70:    unsigned numSuites(void) const;
        -:   71:    unsigned numTotalTests(void) const;
        -:   72:    const SuiteDescription &suiteDescription(unsigned) const;
        -:   73:    SuiteDescription *firstSuite();
        -:   74:    const SuiteDescription *firstSuite() const;
        -:   75:    void activateAllTests();
        -:   76:    bool leaveOnly(const char * /*suiteName*/, const char * /*testName*/ = 0);
        -:   77:
        -:   78:    bool setUp();
        -:   79:    bool tearDown();
        -:   80:
        -:   81:private:
        -:   82:    DummySuiteDescription _suite;
        -:   83:};
        -:   84:}
        -:   85:
        -:   86:#endif // __cxxtest__DummyDescriptions_h__
        -:   87:
