        -:    0:Source:cxxtest-4.4/cxxtest/GlobalFixture.cpp
        -:    0:Graph:runner.gcno
        -:    0:Data:runner.gcda
        -:    0:Runs:1
        -:    0:Programs:1
        -:    1:/*
        -:    2:-------------------------------------------------------------------------
        -:    3: CxxTest: A lightweight C++ unit testing library.
        -:    4: Copyright (c) 2008 Sandia Corporation.
        -:    5: This software is distributed under the LGPL License v3
        -:    6: For more information, see the COPYING file in the top CxxTest directory.
        -:    7: Under the terms of Contract DE-AC04-94AL85000 with Sandia Corporation,
        -:    8: the U.S. Government retains certain rights in this software.
        -:    9:-------------------------------------------------------------------------
        -:   10:*/
        -:   11:
        -:   12:#ifndef __cxxtest__GlobalFixture_cpp__
        -:   13:#define __cxxtest__GlobalFixture_cpp__
        -:   14:
        -:   15:#include <cxxtest/GlobalFixture.h>
        -:   16:
        -:   17:namespace CxxTest
        -:   18:{
    #####:   19:bool GlobalFixture::setUpWorld() { return true; }
    #####:   20:bool GlobalFixture::tearDownWorld() { return true; }
    #####:   21:bool GlobalFixture::setUp() { return true; }
    #####:   22:bool GlobalFixture::tearDown() { return true; }
        -:   23:
    #####:   24:GlobalFixture::GlobalFixture() { attach(_list); }
    #####:   25:GlobalFixture::~GlobalFixture() { detach(_list); }
        -:   26:
       20:   27:GlobalFixture *GlobalFixture::firstGlobalFixture() { return (GlobalFixture *)_list.head(); }
       20:   28:GlobalFixture *GlobalFixture::lastGlobalFixture() { return (GlobalFixture *)_list.tail(); }
    #####:   29:GlobalFixture *GlobalFixture::nextGlobalFixture() { return (GlobalFixture *)next(); }
    #####:   30:GlobalFixture *GlobalFixture::prevGlobalFixture() { return (GlobalFixture *)prev(); }
        -:   31:}
        -:   32:
        -:   33:#endif // __cxxtest__GlobalFixture_cpp__
        -:   34:
