        -:    0:Source:runner.cpp
        -:    0:Graph:runner.gcno
        -:    0:Data:runner.gcda
        -:    0:Runs:1
        -:    0:Programs:1
        -:    1:/* Generated file, do not edit */
        -:    2:
        -:    3:#ifndef CXXTEST_RUNNING
        -:    4:#define CXXTEST_RUNNING
        -:    5:#endif
        -:    6:
        -:    7:#define _CXXTEST_HAVE_STD
        -:    8:#include <cxxtest/TestListener.h>
        -:    9:#include <cxxtest/TestTracker.h>
        -:   10:#include <cxxtest/TestRunner.h>
        -:   11:#include <cxxtest/RealDescriptions.h>
        -:   12:#include <cxxtest/TestMain.h>
        -:   13:#include <cxxtest/ErrorPrinter.h>
        -:   14:
        1:   15:int main( int argc, char *argv[] ) {
        -:   16: int status;
        1:   17:    CxxTest::ErrorPrinter tmp;
        1:   18:    CxxTest::RealWorldDescription::_worldName = "cxxtest";
        1:   19:    status = CxxTest::Main< CxxTest::ErrorPrinter >( tmp, argc, argv );
        1:   20:    return status;
        -:   21:}
        -:   22:#include <cxxtest/Root.cpp>
        3:   23:const char* CxxTest::RealWorldDescription::_worldName = "cxxtest";
